This file contains any messages produced by compilers while
running configure, to aid debugging if configure makes a mistake.

It was created by configure, which was
generated by GNU Autoconf 2.59.  Invocation command line was

  $ ./configure --with-proj

## --------- ##
## Platform. ##
## --------- ##

hostname = tilecache
uname -m = i686
uname -r = 2.6.32-341-ec2
uname -s = Linux
uname -v = #42-Ubuntu SMP Tue Dec 6 14:55:02 UTC 2011

/usr/bin/uname -p = unknown
/bin/uname -X     = unknown

/bin/arch              = unknown
/usr/bin/arch -k       = unknown
/usr/convex/getsysinfo = unknown
hostinfo               = unknown
/bin/machine           = unknown
/usr/bin/oslevel       = unknown
/bin/universe          = unknown

PATH: /usr/local/sbin
PATH: /usr/local/bin
PATH: /usr/sbin
PATH: /usr/bin
PATH: /sbin
PATH: /bin
PATH: /usr/games


## ----------- ##
## Core tests. ##
## ----------- ##

configure:1460: checking for gcc
configure:1476: found /usr/bin/gcc
configure:1486: result: gcc
configure:1730: checking for C compiler version
configure:1733: gcc --version </dev/null >&5
gcc (Ubuntu 4.4.3-4ubuntu5) 4.4.3
Copyright (C) 2009 Free Software Foundation, Inc.
This is free software; see the source for copying conditions.  There is NO
warranty; not even for MERCHANTABILITY or FITNESS FOR A PARTICULAR PURPOSE.

configure:1736: $? = 0
configure:1738: gcc -v </dev/null >&5
Using built-in specs.
Target: i486-linux-gnu
Configured with: ../src/configure -v --with-pkgversion='Ubuntu 4.4.3-4ubuntu5' --with-bugurl=file:///usr/share/doc/gcc-4.4/README.Bugs --enable-languages=c,c++,fortran,objc,obj-c++ --prefix=/usr --enable-shared --enable-multiarch --enable-linker-build-id --with-system-zlib --libexecdir=/usr/lib --without-included-gettext --enable-threads=posix --with-gxx-include-dir=/usr/include/c++/4.4 --program-suffix=-4.4 --enable-nls --enable-clocale=gnu --enable-libstdcxx-debug --enable-plugin --enable-objc-gc --enable-targets=all --disable-werror --with-arch-32=i486 --with-tune=generic --enable-checking=release --build=i486-linux-gnu --host=i486-linux-gnu --target=i486-linux-gnu
Thread model: posix
gcc version 4.4.3 (Ubuntu 4.4.3-4ubuntu5) 
configure:1741: $? = 0
configure:1743: gcc -V </dev/null >&5
gcc: '-V' option must have argument
configure:1746: $? = 1
configure:1769: checking for C compiler default output file name
configure:1772: gcc    conftest.c  >&5
configure:1775: $? = 0
configure:1821: result: a.out
configure:1826: checking whether the C compiler works
configure:1832: ./a.out
configure:1835: $? = 0
configure:1852: result: yes
configure:1859: checking whether we are cross compiling
configure:1861: result: no
configure:1864: checking for suffix of executables
configure:1866: gcc -o conftest    conftest.c  >&5
configure:1869: $? = 0
configure:1894: result: 
configure:1900: checking for suffix of object files
configure:1921: gcc -c   conftest.c >&5
configure:1924: $? = 0
configure:1946: result: o
configure:1950: checking whether we are using the GNU C compiler
configure:1974: gcc -c   conftest.c >&5
configure:1980: $? = 0
configure:1984: test -z 
			 || test ! -s conftest.err
configure:1987: $? = 0
configure:1990: test -s conftest.o
configure:1993: $? = 0
configure:2006: result: yes
configure:2012: checking whether gcc accepts -g
configure:2033: gcc -c -g  conftest.c >&5
configure:2039: $? = 0
configure:2043: test -z 
			 || test ! -s conftest.err
configure:2046: $? = 0
configure:2049: test -s conftest.o
configure:2052: $? = 0
configure:2063: result: yes
configure:2080: checking for gcc option to accept ANSI C
configure:2150: gcc  -c -g -O2  conftest.c >&5
configure:2156: $? = 0
configure:2160: test -z 
			 || test ! -s conftest.err
configure:2163: $? = 0
configure:2166: test -s conftest.o
configure:2169: $? = 0
configure:2187: result: none needed
configure:2205: gcc -c -g -O2  conftest.c >&5
conftest.c:2: error: expected '=', ',', ';', 'asm' or '__attribute__' before 'me'
configure:2211: $? = 1
configure: failed program was:
| #ifndef __cplusplus
|   choke me
| #endif
configure:2396: checking for g++
configure:2412: found /usr/bin/g++
configure:2422: result: g++
configure:2438: checking for C++ compiler version
configure:2441: g++ --version </dev/null >&5
g++ (Ubuntu 4.4.3-4ubuntu5) 4.4.3
Copyright (C) 2009 Free Software Foundation, Inc.
This is free software; see the source for copying conditions.  There is NO
warranty; not even for MERCHANTABILITY or FITNESS FOR A PARTICULAR PURPOSE.

configure:2444: $? = 0
configure:2446: g++ -v </dev/null >&5
Using built-in specs.
Target: i486-linux-gnu
Configured with: ../src/configure -v --with-pkgversion='Ubuntu 4.4.3-4ubuntu5' --with-bugurl=file:///usr/share/doc/gcc-4.4/README.Bugs --enable-languages=c,c++,fortran,objc,obj-c++ --prefix=/usr --enable-shared --enable-multiarch --enable-linker-build-id --with-system-zlib --libexecdir=/usr/lib --without-included-gettext --enable-threads=posix --with-gxx-include-dir=/usr/include/c++/4.4 --program-suffix=-4.4 --enable-nls --enable-clocale=gnu --enable-libstdcxx-debug --enable-plugin --enable-objc-gc --enable-targets=all --disable-werror --with-arch-32=i486 --with-tune=generic --enable-checking=release --build=i486-linux-gnu --host=i486-linux-gnu --target=i486-linux-gnu
Thread model: posix
gcc version 4.4.3 (Ubuntu 4.4.3-4ubuntu5) 
configure:2449: $? = 0
configure:2451: g++ -V </dev/null >&5
g++: '-V' option must have argument
configure:2454: $? = 1
configure:2457: checking whether we are using the GNU C++ compiler
configure:2481: g++ -c   conftest.cc >&5
configure:2487: $? = 0
configure:2491: test -z 
			 || test ! -s conftest.err
configure:2494: $? = 0
configure:2497: test -s conftest.o
configure:2500: $? = 0
configure:2513: result: yes
configure:2519: checking whether g++ accepts -g
configure:2540: g++ -c -g  conftest.cc >&5
configure:2546: $? = 0
configure:2550: test -z 
			 || test ! -s conftest.err
configure:2553: $? = 0
configure:2556: test -s conftest.o
configure:2559: $? = 0
configure:2570: result: yes
configure:2612: g++ -c -g -O2  conftest.cc >&5
configure:2618: $? = 0
configure:2622: test -z 
			 || test ! -s conftest.err
configure:2625: $? = 0
configure:2628: test -s conftest.o
configure:2631: $? = 0
configure:2657: g++ -c -g -O2  conftest.cc >&5
conftest.cc: In function 'int main()':
conftest.cc:13: error: 'exit' was not declared in this scope
configure:2663: $? = 1
configure: failed program was:
| /* confdefs.h.  */
| 
| #define PACKAGE_NAME ""
| #define PACKAGE_TARNAME ""
| #define PACKAGE_VERSION ""
| #define PACKAGE_STRING ""
| #define PACKAGE_BUGREPORT ""
| /* end confdefs.h.  */
| 
| int
| main ()
| {
| exit (42);
|   ;
|   return 0;
| }
configure:2612: g++ -c -g -O2  conftest.cc >&5
conftest.cc:9: error: 'void std::exit(int)' should have been declared inside 'std'
configure:2618: $? = 1
configure: failed program was:
| /* confdefs.h.  */
| 
| #define PACKAGE_NAME ""
| #define PACKAGE_TARNAME ""
| #define PACKAGE_VERSION ""
| #define PACKAGE_STRING ""
| #define PACKAGE_BUGREPORT ""
| /* end confdefs.h.  */
| extern "C" void std::exit (int) throw (); using std::exit;
| #include <stdlib.h>
| int
| main ()
| {
| exit (42);
|   ;
|   return 0;
| }
configure:2612: g++ -c -g -O2  conftest.cc >&5
conftest.cc:9: error: 'void std::exit(int)' should have been declared inside 'std'
In file included from conftest.cc:10:
/usr/include/stdlib.h:543: error: declaration of 'void std::exit(int) throw ()' throws different exceptions
conftest.cc:9: error: from previous declaration 'void std::exit(int)'
configure:2618: $? = 1
configure: failed program was:
| /* confdefs.h.  */
| 
| #define PACKAGE_NAME ""
| #define PACKAGE_TARNAME ""
| #define PACKAGE_VERSION ""
| #define PACKAGE_STRING ""
| #define PACKAGE_BUGREPORT ""
| /* end confdefs.h.  */
| extern "C" void std::exit (int); using std::exit;
| #include <stdlib.h>
| int
| main ()
| {
| exit (42);
|   ;
|   return 0;
| }
configure:2612: g++ -c -g -O2  conftest.cc >&5
configure:2618: $? = 0
configure:2622: test -z 
			 || test ! -s conftest.err
configure:2625: $? = 0
configure:2628: test -s conftest.o
configure:2631: $? = 0
configure:2657: g++ -c -g -O2  conftest.cc >&5
configure:2663: $? = 0
configure:2667: test -z 
			 || test ! -s conftest.err
configure:2670: $? = 0
configure:2673: test -s conftest.o
configure:2676: $? = 0
configure:2740: checking for ranlib
configure:2756: found /usr/bin/ranlib
configure:2767: result: ranlib
configure:2784: checking for flex
configure:2813: result: no
configure:2784: checking for lex
configure:2813: result: no
configure:2823: checking for yywrap in -lfl
configure:2853: gcc -o conftest -g -O2   conftest.c -lfl   >&5
/usr/bin/ld: cannot find -lfl
collect2: ld returned 1 exit status
configure:2859: $? = 1
configure: failed program was:
| /* confdefs.h.  */
| 
| #define PACKAGE_NAME ""
| #define PACKAGE_TARNAME ""
| #define PACKAGE_VERSION ""
| #define PACKAGE_STRING ""
| #define PACKAGE_BUGREPORT ""
| #ifdef __cplusplus
| extern "C" void exit (int) throw ();
| #endif
| /* end confdefs.h.  */
| 
| /* Override any gcc2 internal prototype to avoid an error.  */
| #ifdef __cplusplus
| extern "C"
| #endif
| /* We use char because int might match the return type of a gcc2
|    builtin and then its argument prototype would still apply.  */
| char yywrap ();
| int
| main ()
| {
| yywrap ();
|   ;
|   return 0;
| }
configure:2885: result: no
configure:2890: checking for yywrap in -ll
configure:2920: gcc -o conftest -g -O2   conftest.c -ll   >&5
/usr/bin/ld: cannot find -ll
collect2: ld returned 1 exit status
configure:2926: $? = 1
configure: failed program was:
| /* confdefs.h.  */
| 
| #define PACKAGE_NAME ""
| #define PACKAGE_TARNAME ""
| #define PACKAGE_VERSION ""
| #define PACKAGE_STRING ""
| #define PACKAGE_BUGREPORT ""
| #ifdef __cplusplus
| extern "C" void exit (int) throw ();
| #endif
| /* end confdefs.h.  */
| 
| /* Override any gcc2 internal prototype to avoid an error.  */
| #ifdef __cplusplus
| extern "C"
| #endif
| /* We use char because int might match the return type of a gcc2
|    builtin and then its argument prototype would still apply.  */
| char yywrap ();
| int
| main ()
| {
| yywrap ();
|   ;
|   return 0;
| }
configure:2952: result: no
configure:3058: checking for bison
configure:3087: result: no
configure:3058: checking for byacc
configure:3087: result: no
configure:3096: checking if compiler supports -R
configure:3120: gcc -o conftest -g -O2   conftest.c -R /usr/lib  >&5
gcc: unrecognized option '-R'
/usr/bin/ld: /usr/lib: No such file: File format not recognized
collect2: ld returned 1 exit status
configure:3126: $? = 1
configure: failed program was:
| /* confdefs.h.  */
| 
| #define PACKAGE_NAME ""
| #define PACKAGE_TARNAME ""
| #define PACKAGE_VERSION ""
| #define PACKAGE_STRING ""
| #define PACKAGE_BUGREPORT ""
| #ifdef __cplusplus
| extern "C" void exit (int) throw ();
| #endif
| /* end confdefs.h.  */
| 
| int
| main ()
| {
| 
|   ;
|   return 0;
| }
configure:3153: result: no
configure:3160: checking if compiler supports -Wl,-rpath,
configure:3184: gcc -o conftest -g -O2   conftest.c -Wl,-rpath,/usr/lib  >&5
configure:3190: $? = 0
configure:3194: test -z 
			 || test ! -s conftest.err
configure:3197: $? = 0
configure:3200: test -s conftest
configure:3203: $? = 0
configure:3217: result: yes
configure:3296: checking for exp in -lm
configure:3326: gcc -o conftest -g -O2   conftest.c -lm   >&5
conftest.c:19: warning: conflicting types for built-in function 'exp'
configure:3332: $? = 0
configure:3336: test -z 
			 || test ! -s conftest.err
configure:3339: $? = 0
configure:3342: test -s conftest
configure:3345: $? = 0
configure:3358: result: yes
configure:3367: checking for __gxx_personality_v0 in -lstdc++
configure:3397: gcc -o conftest -g -O2   conftest.c -lstdc++   >&5
configure:3403: $? = 0
configure:3407: test -z 
			 || test ! -s conftest.err
configure:3410: $? = 0
configure:3413: test -s conftest
configure:3416: $? = 0
configure:3429: result: yes
configure:3445: checking how to run the C preprocessor
configure:3480: gcc -E  conftest.c
configure:3486: $? = 0
configure:3518: gcc -E  conftest.c
conftest.c:12:28: error: ac_nonexistent.h: No such file or directory
configure:3524: $? = 1
configure: failed program was:
| /* confdefs.h.  */
| 
| #define PACKAGE_NAME ""
| #define PACKAGE_TARNAME ""
| #define PACKAGE_VERSION ""
| #define PACKAGE_STRING ""
| #define PACKAGE_BUGREPORT ""
| #ifdef __cplusplus
| extern "C" void exit (int) throw ();
| #endif
| /* end confdefs.h.  */
| #include <ac_nonexistent.h>
configure:3563: result: gcc -E
configure:3587: gcc -E  conftest.c
configure:3593: $? = 0
configure:3625: gcc -E  conftest.c
conftest.c:12:28: error: ac_nonexistent.h: No such file or directory
configure:3631: $? = 1
configure: failed program was:
| /* confdefs.h.  */
| 
| #define PACKAGE_NAME ""
| #define PACKAGE_TARNAME ""
| #define PACKAGE_VERSION ""
| #define PACKAGE_STRING ""
| #define PACKAGE_BUGREPORT ""
| #ifdef __cplusplus
| extern "C" void exit (int) throw ();
| #endif
| /* end confdefs.h.  */
| #include <ac_nonexistent.h>
configure:3675: checking for egrep
configure:3685: result: grep -E
configure:3690: checking for ANSI C header files
configure:3715: gcc -c -g -O2  conftest.c >&5
configure:3721: $? = 0
configure:3725: test -z 
			 || test ! -s conftest.err
configure:3728: $? = 0
configure:3731: test -s conftest.o
configure:3734: $? = 0
configure:3823: gcc -o conftest -g -O2   conftest.c  -lm -lstdc++  >&5
conftest.c: In function 'main':
conftest.c:29: warning: incompatible implicit declaration of built-in function 'exit'
configure:3826: $? = 0
configure:3828: ./conftest
configure:3831: $? = 0
configure:3846: result: yes
configure:3872: checking for strcasecmp
configure:3929: gcc -o conftest -g -O2 -fPIC   conftest.c  -lm -lstdc++  >&5
conftest.c:37: warning: conflicting types for built-in function 'strcasecmp'
configure:3935: $? = 0
configure:3939: test -z 
			 || test ! -s conftest.err
configure:3942: $? = 0
configure:3945: test -s conftest
configure:3948: $? = 0
configure:3960: result: yes
configure:3968: checking for strncasecmp
configure:4025: gcc -o conftest -g -O2 -fPIC   conftest.c  -lm -lstdc++  >&5
conftest.c:37: warning: conflicting types for built-in function 'strncasecmp'
configure:4031: $? = 0
configure:4035: test -z 
			 || test ! -s conftest.err
configure:4038: $? = 0
configure:4041: test -s conftest
configure:4044: $? = 0
configure:4056: result: yes
configure:4064: checking for strdup
configure:4121: gcc -o conftest -g -O2 -fPIC   conftest.c  -lm -lstdc++  >&5
conftest.c:37: warning: conflicting types for built-in function 'strdup'
configure:4127: $? = 0
configure:4131: test -z 
			 || test ! -s conftest.err
configure:4134: $? = 0
configure:4137: test -s conftest
configure:4140: $? = 0
configure:4152: result: yes
configure:4160: checking for strrstr
configure:4217: gcc -o conftest -g -O2 -fPIC   conftest.c  -lm -lstdc++  >&5
/tmp/ccA6UN3X.o: In function `main':
/mnt/osm/osm/mapserver-6.0.1/conftest.c:52: undefined reference to `strrstr'
/tmp/ccA6UN3X.o:(.data.rel+0x0): undefined reference to `strrstr'
collect2: ld returned 1 exit status
configure:4223: $? = 1
configure: failed program was:
| /* confdefs.h.  */
| 
| #define PACKAGE_NAME ""
| #define PACKAGE_TARNAME ""
| #define PACKAGE_VERSION ""
| #define PACKAGE_STRING ""
| #define PACKAGE_BUGREPORT ""
| #ifdef __cplusplus
| extern "C" void exit (int) throw ();
| #endif
| #define STDC_HEADERS 1
| /* end confdefs.h.  */
| /* Define strrstr to an innocuous variant, in case <limits.h> declares strrstr.
|    For example, HP-UX 11i <limits.h> declares gettimeofday.  */
| #define strrstr innocuous_strrstr
| 
| /* System header to define __stub macros and hopefully few prototypes,
|     which can conflict with char strrstr (); below.
|     Prefer <limits.h> to <assert.h> if __STDC__ is defined, since
|     <limits.h> exists even on freestanding compilers.  */
| 
| #ifdef __STDC__
| # include <limits.h>
| #else
| # include <assert.h>
| #endif
| 
| #undef strrstr
| 
| /* Override any gcc2 internal prototype to avoid an error.  */
| #ifdef __cplusplus
| extern "C"
| {
| #endif
| /* We use char because int might match the return type of a gcc2
|    builtin and then its argument prototype would still apply.  */
| char strrstr ();
| /* The GNU C library defines this for functions which it implements
|     to always fail with ENOSYS.  Some functions are actually named
|     something starting with __ and the normal name is an alias.  */
| #if defined (__stub_strrstr) || defined (__stub___strrstr)
| choke me
| #else
| char (*f) () = strrstr;
| #endif
| #ifdef __cplusplus
| }
| #endif
| 
| int
| main ()
| {
| return f != strrstr;
|   ;
|   return 0;
| }
configure:4248: result: no
configure:4256: checking for strcasestr
configure:4313: gcc -o conftest -g -O2 -fPIC   conftest.c  -lm -lstdc++  >&5
configure:4319: $? = 0
configure:4323: test -z 
			 || test ! -s conftest.err
configure:4326: $? = 0
configure:4329: test -s conftest
configure:4332: $? = 0
configure:4344: result: yes
configure:4352: checking for strlcat
configure:4409: gcc -o conftest -g -O2 -fPIC   conftest.c  -lm -lstdc++  >&5
/tmp/ccAr2Fbf.o: In function `main':
/mnt/osm/osm/mapserver-6.0.1/conftest.c:52: undefined reference to `strlcat'
/tmp/ccAr2Fbf.o:(.data.rel+0x0): undefined reference to `strlcat'
collect2: ld returned 1 exit status
configure:4415: $? = 1
configure: failed program was:
| /* confdefs.h.  */
| 
| #define PACKAGE_NAME ""
| #define PACKAGE_TARNAME ""
| #define PACKAGE_VERSION ""
| #define PACKAGE_STRING ""
| #define PACKAGE_BUGREPORT ""
| #ifdef __cplusplus
| extern "C" void exit (int) throw ();
| #endif
| #define STDC_HEADERS 1
| /* end confdefs.h.  */
| /* Define strlcat to an innocuous variant, in case <limits.h> declares strlcat.
|    For example, HP-UX 11i <limits.h> declares gettimeofday.  */
| #define strlcat innocuous_strlcat
| 
| /* System header to define __stub macros and hopefully few prototypes,
|     which can conflict with char strlcat (); below.
|     Prefer <limits.h> to <assert.h> if __STDC__ is defined, since
|     <limits.h> exists even on freestanding compilers.  */
| 
| #ifdef __STDC__
| # include <limits.h>
| #else
| # include <assert.h>
| #endif
| 
| #undef strlcat
| 
| /* Override any gcc2 internal prototype to avoid an error.  */
| #ifdef __cplusplus
| extern "C"
| {
| #endif
| /* We use char because int might match the return type of a gcc2
|    builtin and then its argument prototype would still apply.  */
| char strlcat ();
| /* The GNU C library defines this for functions which it implements
|     to always fail with ENOSYS.  Some functions are actually named
|     something starting with __ and the normal name is an alias.  */
| #if defined (__stub_strlcat) || defined (__stub___strlcat)
| choke me
| #else
| char (*f) () = strlcat;
| #endif
| #ifdef __cplusplus
| }
| #endif
| 
| int
| main ()
| {
| return f != strlcat;
|   ;
|   return 0;
| }
configure:4440: result: no
configure:4448: checking for strlcpy
configure:4505: gcc -o conftest -g -O2 -fPIC   conftest.c  -lm -lstdc++  >&5
/tmp/ccJzZhDm.o: In function `main':
/mnt/osm/osm/mapserver-6.0.1/conftest.c:52: undefined reference to `strlcpy'
/tmp/ccJzZhDm.o:(.data.rel+0x0): undefined reference to `strlcpy'
collect2: ld returned 1 exit status
configure:4511: $? = 1
configure: failed program was:
| /* confdefs.h.  */
| 
| #define PACKAGE_NAME ""
| #define PACKAGE_TARNAME ""
| #define PACKAGE_VERSION ""
| #define PACKAGE_STRING ""
| #define PACKAGE_BUGREPORT ""
| #ifdef __cplusplus
| extern "C" void exit (int) throw ();
| #endif
| #define STDC_HEADERS 1
| /* end confdefs.h.  */
| /* Define strlcpy to an innocuous variant, in case <limits.h> declares strlcpy.
|    For example, HP-UX 11i <limits.h> declares gettimeofday.  */
| #define strlcpy innocuous_strlcpy
| 
| /* System header to define __stub macros and hopefully few prototypes,
|     which can conflict with char strlcpy (); below.
|     Prefer <limits.h> to <assert.h> if __STDC__ is defined, since
|     <limits.h> exists even on freestanding compilers.  */
| 
| #ifdef __STDC__
| # include <limits.h>
| #else
| # include <assert.h>
| #endif
| 
| #undef strlcpy
| 
| /* Override any gcc2 internal prototype to avoid an error.  */
| #ifdef __cplusplus
| extern "C"
| {
| #endif
| /* We use char because int might match the return type of a gcc2
|    builtin and then its argument prototype would still apply.  */
| char strlcpy ();
| /* The GNU C library defines this for functions which it implements
|     to always fail with ENOSYS.  Some functions are actually named
|     something starting with __ and the normal name is an alias.  */
| #if defined (__stub_strlcpy) || defined (__stub___strlcpy)
| choke me
| #else
| char (*f) () = strlcpy;
| #endif
| #ifdef __cplusplus
| }
| #endif
| 
| int
| main ()
| {
| return f != strlcpy;
|   ;
|   return 0;
| }
configure:4536: result: no
configure:4544: checking for vsnprintf
configure:4601: gcc -o conftest -g -O2 -fPIC   conftest.c  -lm -lstdc++  >&5
conftest.c:37: warning: conflicting types for built-in function 'vsnprintf'
configure:4607: $? = 0
configure:4611: test -z 
			 || test ! -s conftest.err
configure:4614: $? = 0
configure:4617: test -s conftest
configure:4620: $? = 0
configure:4632: result: yes
configure:4642: result: MapServer Version from mapserver.h: '6.0.1'
configure:4648: checking if pkg-config path is provided
configure:4672: checking for pkg-config
configure:4690: found /usr/bin/pkg-config
configure:4703: result: /usr/bin/pkg-config
configure:4753: checking for freetype-config
configure:4771: found /usr/bin/freetype-config
configure:4784: result: /usr/bin/freetype-config
configure:4833: checking for FT_Init_FreeType in -lfreetype
configure:4863: gcc -o conftest -g -O2 -fPIC -I/usr/include/freetype2  -lfreetype -lz  conftest.c -lfreetype   -lm -lstdc++  >&5
configure:4869: $? = 0
configure:4873: test -z 
			 || test ! -s conftest.err
configure:4876: $? = 0
configure:4879: test -s conftest
configure:4882: $? = 0
configure:4895: result: yes
configure:4925: checking for sys/types.h
configure:4941: gcc -c -g -O2 -fPIC -I/usr/include/freetype2  conftest.c >&5
configure:4947: $? = 0
configure:4951: test -z 
			 || test ! -s conftest.err
configure:4954: $? = 0
configure:4957: test -s conftest.o
configure:4960: $? = 0
configure:4971: result: yes
configure:4925: checking for sys/stat.h
configure:4941: gcc -c -g -O2 -fPIC -I/usr/include/freetype2  conftest.c >&5
configure:4947: $? = 0
configure:4951: test -z 
			 || test ! -s conftest.err
configure:4954: $? = 0
configure:4957: test -s conftest.o
configure:4960: $? = 0
configure:4971: result: yes
configure:4925: checking for stdlib.h
configure:4941: gcc -c -g -O2 -fPIC -I/usr/include/freetype2  conftest.c >&5
configure:4947: $? = 0
configure:4951: test -z 
			 || test ! -s conftest.err
configure:4954: $? = 0
configure:4957: test -s conftest.o
configure:4960: $? = 0
configure:4971: result: yes
configure:4925: checking for string.h
configure:4941: gcc -c -g -O2 -fPIC -I/usr/include/freetype2  conftest.c >&5
configure:4947: $? = 0
configure:4951: test -z 
			 || test ! -s conftest.err
configure:4954: $? = 0
configure:4957: test -s conftest.o
configure:4960: $? = 0
configure:4971: result: yes
configure:4925: checking for memory.h
configure:4941: gcc -c -g -O2 -fPIC -I/usr/include/freetype2  conftest.c >&5
configure:4947: $? = 0
configure:4951: test -z 
			 || test ! -s conftest.err
configure:4954: $? = 0
configure:4957: test -s conftest.o
configure:4960: $? = 0
configure:4971: result: yes
configure:4925: checking for strings.h
configure:4941: gcc -c -g -O2 -fPIC -I/usr/include/freetype2  conftest.c >&5
configure:4947: $? = 0
configure:4951: test -z 
			 || test ! -s conftest.err
configure:4954: $? = 0
configure:4957: test -s conftest.o
configure:4960: $? = 0
configure:4971: result: yes
configure:4925: checking for inttypes.h
configure:4941: gcc -c -g -O2 -fPIC -I/usr/include/freetype2  conftest.c >&5
configure:4947: $? = 0
configure:4951: test -z 
			 || test ! -s conftest.err
configure:4954: $? = 0
configure:4957: test -s conftest.o
configure:4960: $? = 0
configure:4971: result: yes
configure:4925: checking for stdint.h
configure:4941: gcc -c -g -O2 -fPIC -I/usr/include/freetype2  conftest.c >&5
configure:4947: $? = 0
configure:4951: test -z 
			 || test ! -s conftest.err
configure:4954: $? = 0
configure:4957: test -s conftest.o
configure:4960: $? = 0
configure:4971: result: yes
configure:4925: checking for unistd.h
configure:4941: gcc -c -g -O2 -fPIC -I/usr/include/freetype2  conftest.c >&5
configure:4947: $? = 0
configure:4951: test -z 
			 || test ! -s conftest.err
configure:4954: $? = 0
configure:4957: test -s conftest.o
configure:4960: $? = 0
configure:4971: result: yes
configure:4997: checking ft2build.h usability
configure:5009: gcc -c -g -O2 -fPIC -I/usr/include/freetype2  conftest.c >&5
configure:5015: $? = 0
configure:5019: test -z 
			 || test ! -s conftest.err
configure:5022: $? = 0
configure:5025: test -s conftest.o
configure:5028: $? = 0
configure:5038: result: yes
configure:5042: checking ft2build.h presence
configure:5052: gcc -E -I/usr/include/freetype2  conftest.c
configure:5058: $? = 0
configure:5078: result: yes
configure:5113: checking for ft2build.h
configure:5120: result: yes
configure:5172: checking where Zlib is installed...
configure:5244: checking for zlibVersion in -lz
configure:5274: gcc -o conftest -g -O2 -fPIC   conftest.c -lz   -lm -lstdc++  >&5
configure:5280: $? = 0
configure:5284: test -z 
			 || test ! -s conftest.err
configure:5287: $? = 0
configure:5290: test -s conftest
configure:5293: $? = 0
configure:5306: result: yes
configure:5315: result:         using libz from system libs (-DUSE_ZLIB).
configure:5355: checking where PNG is installed...
configure:5563: checking for png_init_io in -lpng
configure:5593: gcc -o conftest -g -O2 -fPIC   conftest.c -lpng -lz  -lm -lstdc++  >&5
configure:5599: $? = 0
configure:5603: test -z 
			 || test ! -s conftest.err
configure:5606: $? = 0
configure:5609: test -s conftest
configure:5612: $? = 0
configure:5625: result: yes
configure:5641: checking png.h usability
configure:5653: gcc -c -g -O2 -fPIC  conftest.c >&5
configure:5659: $? = 0
configure:5663: test -z 
			 || test ! -s conftest.err
configure:5666: $? = 0
configure:5669: test -s conftest.o
configure:5672: $? = 0
configure:5682: result: yes
configure:5686: checking png.h presence
configure:5696: gcc -E  conftest.c
configure:5702: $? = 0
configure:5722: result: yes
configure:5757: checking for png.h
configure:5764: result: yes
configure:5778: result:         using libpng from system libs.
configure:5798: checking setjmp.h usability
configure:5810: gcc -c -g -O2 -fPIC  conftest.c >&5
configure:5816: $? = 0
configure:5820: test -z 
			 || test ! -s conftest.err
configure:5823: $? = 0
configure:5826: test -s conftest.o
configure:5829: $? = 0
configure:5839: result: yes
configure:5843: checking setjmp.h presence
configure:5853: gcc -E  conftest.c
configure:5859: $? = 0
configure:5879: result: yes
configure:5914: checking for setjmp.h
configure:5921: result: yes
configure:5961: checking where GIF is installed...
configure:6166: checking for DGifOpenFileHandle in -lgif
configure:6196: gcc -o conftest -g -O2 -fPIC   conftest.c -lgif   -lm -lstdc++  >&5
configure:6202: $? = 0
configure:6206: test -z 
			 || test ! -s conftest.err
configure:6209: $? = 0
configure:6212: test -s conftest
configure:6215: $? = 0
configure:6228: result: yes
configure:6244: checking gif_lib.h usability
configure:6256: gcc -c -g -O2 -fPIC  conftest.c >&5
configure:6262: $? = 0
configure:6266: test -z 
			 || test ! -s conftest.err
configure:6269: $? = 0
configure:6272: test -s conftest.o
configure:6275: $? = 0
configure:6285: result: yes
configure:6289: checking gif_lib.h presence
configure:6299: gcc -E  conftest.c
configure:6305: $? = 0
configure:6325: result: yes
configure:6360: checking for gif_lib.h
configure:6367: result: yes
configure:6381: result:         using libgif from system libs.
configure:6403: checking whether we should include JPEG support...
configure:6705: checking for jpeg_read_header in -ljpeg
configure:6735: gcc -o conftest -g -O2 -fPIC   conftest.c -ljpeg   -lm -lstdc++  >&5
configure:6741: $? = 0
configure:6745: test -z 
			 || test ! -s conftest.err
configure:6748: $? = 0
configure:6751: test -s conftest
configure:6754: $? = 0
configure:6767: result: yes
configure:6792: checking jpeglib.h usability
configure:6804: gcc -c -g -O2 -fPIC  conftest.c >&5
configure:6810: $? = 0
configure:6814: test -z 
			 || test ! -s conftest.err
configure:6817: $? = 0
configure:6820: test -s conftest.o
configure:6823: $? = 0
configure:6833: result: yes
configure:6837: checking jpeglib.h presence
configure:6847: gcc -E  conftest.c
configure:6853: $? = 0
configure:6873: result: yes
configure:6908: checking for jpeglib.h
configure:6915: result: yes
configure:6930: result:         using libjpeg from system libs.
configure:6962: checking where libXpm is installed...
configure:7001: checking for XpmFreeXpmImage in -lXpm
configure:7031: gcc -o conftest -g -O2 -fPIC   conftest.c -lXpm -lX11 -ljpeg  -lm -lstdc++  >&5
configure:7037: $? = 0
configure:7041: test -z 
			 || test ! -s conftest.err
configure:7044: $? = 0
configure:7047: test -s conftest
configure:7050: $? = 0
configure:7063: result: yes
configure:7071: result:         using libXpm from system libs.
configure:7099: checking where libiconv is installed...
configure:7359: checking for iconv_open in -lc
configure:7389: gcc -o conftest -g -O2 -fPIC   conftest.c -lc  -ljpeg  -lm -lstdc++  >&5
configure:7395: $? = 0
configure:7399: test -z 
			 || test ! -s conftest.err
configure:7402: $? = 0
configure:7405: test -s conftest
configure:7408: $? = 0
configure:7421: result: yes
configure:7427: checking for libiconv_open in -liconv
configure:7457: gcc -o conftest -g -O2 -fPIC   conftest.c -liconv  -ljpeg  -lm -lstdc++  >&5
/usr/bin/ld: cannot find -liconv
collect2: ld returned 1 exit status
configure:7463: $? = 1
configure: failed program was:
| /* confdefs.h.  */
| 
| #define PACKAGE_NAME ""
| #define PACKAGE_TARNAME ""
| #define PACKAGE_VERSION ""
| #define PACKAGE_STRING ""
| #define PACKAGE_BUGREPORT ""
| #ifdef __cplusplus
| extern "C" void exit (int) throw ();
| #endif
| #define STDC_HEADERS 1
| #define HAVE_LIBFREETYPE 1
| #define HAVE_SYS_TYPES_H 1
| #define HAVE_SYS_STAT_H 1
| #define HAVE_STDLIB_H 1
| #define HAVE_STRING_H 1
| #define HAVE_MEMORY_H 1
| #define HAVE_STRINGS_H 1
| #define HAVE_INTTYPES_H 1
| #define HAVE_STDINT_H 1
| #define HAVE_UNISTD_H 1
| #define HAVE_FT2BUILD_H 1
| #define HAVE_LIBJPEG 1
| /* end confdefs.h.  */
| 
| /* Override any gcc2 internal prototype to avoid an error.  */
| #ifdef __cplusplus
| extern "C"
| #endif
| /* We use char because int might match the return type of a gcc2
|    builtin and then its argument prototype would still apply.  */
| char libiconv_open ();
| int
| main ()
| {
| libiconv_open ();
|   ;
|   return 0;
| }
configure:7489: result: no
configure:7495: checking for iconv_open in -liconv
configure:7525: gcc -o conftest -g -O2 -fPIC   conftest.c -liconv  -ljpeg  -lm -lstdc++  >&5
/usr/bin/ld: cannot find -liconv
collect2: ld returned 1 exit status
configure:7531: $? = 1
configure: failed program was:
| /* confdefs.h.  */
| 
| #define PACKAGE_NAME ""
| #define PACKAGE_TARNAME ""
| #define PACKAGE_VERSION ""
| #define PACKAGE_STRING ""
| #define PACKAGE_BUGREPORT ""
| #ifdef __cplusplus
| extern "C" void exit (int) throw ();
| #endif
| #define STDC_HEADERS 1
| #define HAVE_LIBFREETYPE 1
| #define HAVE_SYS_TYPES_H 1
| #define HAVE_SYS_STAT_H 1
| #define HAVE_STDLIB_H 1
| #define HAVE_STRING_H 1
| #define HAVE_MEMORY_H 1
| #define HAVE_STRINGS_H 1
| #define HAVE_INTTYPES_H 1
| #define HAVE_STDINT_H 1
| #define HAVE_UNISTD_H 1
| #define HAVE_FT2BUILD_H 1
| #define HAVE_LIBJPEG 1
| /* end confdefs.h.  */
| 
| /* Override any gcc2 internal prototype to avoid an error.  */
| #ifdef __cplusplus
| extern "C"
| #endif
| /* We use char because int might match the return type of a gcc2
|    builtin and then its argument prototype would still apply.  */
| char iconv_open ();
| int
| main ()
| {
| iconv_open ();
|   ;
|   return 0;
| }
configure:7557: result: no
configure:7565: result:         using libiconv from system libs.
configure:7576: result:         libiconv found. Enabling internationalization (-DUSE_ICONV)
configure:7618: checking for GD 2.0.28 or higher...
configure:7851: checking for gdImageCreatePaletteFromTrueColor in -lgd
configure:7881: gcc -o conftest -g -O2 -fPIC   conftest.c -lgd -ljpeg -lfreetype -lz -lpng -lz -lXpm -lX11 -ljpeg  -lm -lstdc++  >&5
configure:7887: $? = 0
configure:7891: test -z 
			 || test ! -s conftest.err
configure:7894: $? = 0
configure:7897: test -s conftest
configure:7900: $? = 0
configure:7913: result: yes
configure:7999: result:         using libgd 2.0.28 (or higher) from system libs (-L/usr/lib -lgd -ljpeg -lfreetype -lz -lpng -lz -lXpm -lX11 ).
configure:8910: checking for gdImageCreate in -lgd
configure:8940: gcc -o conftest -g -O2 -fPIC   conftest.c -lgd -ljpeg -lfreetype -lz -lpng -lz -lXpm -lX11  -ljpeg  -lm -lstdc++  >&5
configure:8946: $? = 0
configure:8950: test -z 
			 || test ! -s conftest.err
configure:8953: $? = 0
configure:8956: test -s conftest
configure:8959: $? = 0
configure:8972: result: yes
configure:8984: checking for gdImageGif in -lgd
configure:9014: gcc -o conftest -g -O2 -fPIC   conftest.c -lgd -L/usr/lib -lgd -ljpeg -lfreetype -lz -lpng -lz -lXpm -lX11  -ljpeg  -lm -lstdc++  >&5
configure:9020: $? = 0
configure:9024: test -z 
			 || test ! -s conftest.err
configure:9027: $? = 0
configure:9030: test -s conftest
configure:9033: $? = 0
configure:9046: result: yes
configure:9052: checking for gdImagePng in -lgd
configure:9082: gcc -o conftest -g -O2 -fPIC   conftest.c -lgd -L/usr/lib -lgd -ljpeg -lfreetype -lz -lpng -lz -lXpm -lX11  -ljpeg  -lm -lstdc++  >&5
configure:9088: $? = 0
configure:9092: test -z 
			 || test ! -s conftest.err
configure:9095: $? = 0
configure:9098: test -s conftest
configure:9101: $? = 0
configure:9114: result: yes
configure:9120: checking for gdImageJpeg in -lgd
configure:9150: gcc -o conftest -g -O2 -fPIC   conftest.c -lgd -L/usr/lib -lgd -ljpeg -lfreetype -lz -lpng -lz -lXpm -lX11  -ljpeg  -lm -lstdc++  >&5
configure:9156: $? = 0
configure:9160: test -z 
			 || test ! -s conftest.err
configure:9163: $? = 0
configure:9166: test -s conftest
configure:9169: $? = 0
configure:9182: result: yes
configure:9188: checking for gdImageWBMP in -lgd
configure:9218: gcc -o conftest -g -O2 -fPIC   conftest.c -lgd -L/usr/lib -lgd -ljpeg -lfreetype -lz -lpng -lz -lXpm -lX11  -ljpeg  -lm -lstdc++  >&5
configure:9224: $? = 0
configure:9228: test -z 
			 || test ! -s conftest.err
configure:9231: $? = 0
configure:9234: test -s conftest
configure:9237: $? = 0
configure:9250: result: yes
configure:9257: checking for gdImageStringFT in -lgd
configure:9287: gcc -o conftest -g -O2 -fPIC   conftest.c -lgd -L/usr/lib -lgd -ljpeg -lfreetype -lz -lpng -lz -lXpm -lX11  -ljpeg  -lm -lstdc++  >&5
configure:9293: $? = 0
configure:9297: test -z 
			 || test ! -s conftest.err
configure:9300: $? = 0
configure:9303: test -s conftest
configure:9306: $? = 0
configure:9319: result: yes
configure:9326: checking for gdImageOpenPolygon in -lgd
configure:9356: gcc -o conftest -g -O2 -fPIC   conftest.c -lgd  -L/usr/lib -lgd -ljpeg -lfreetype -lz -lpng -lz -lXpm -lX11  -ljpeg  -lm -lstdc++  >&5
configure:9362: $? = 0
configure:9366: test -z 
			 || test ! -s conftest.err
configure:9369: $? = 0
configure:9372: test -s conftest
configure:9375: $? = 0
configure:9388: result: yes
configure:9395: checking for gdImageGifPtr in -lgd
configure:9425: gcc -o conftest -g -O2 -fPIC   conftest.c -lgd -L/usr/lib -lgd -ljpeg -lfreetype -lz -lpng -lz -lXpm -lX11  -ljpeg  -lm -lstdc++  >&5
configure:9431: $? = 0
configure:9435: test -z 
			 || test ! -s conftest.err
configure:9438: $? = 0
configure:9441: test -s conftest
configure:9444: $? = 0
configure:9457: result: yes
configure:9464: checking for gdFontGetTiny in -lgd
configure:9494: gcc -o conftest -g -O2 -fPIC   conftest.c -lgd -L/usr/lib -lgd -ljpeg -lfreetype -lz -lpng -lz -lXpm -lX11  -ljpeg  -lm -lstdc++  >&5
configure:9500: $? = 0
configure:9504: test -z 
			 || test ! -s conftest.err
configure:9507: $? = 0
configure:9510: test -s conftest
configure:9513: $? = 0
configure:9526: result: yes
configure:9535: checking for gdImageSetResolution in -l
configure:9565: gcc -o conftest -g -O2 -fPIC   conftest.c -l  -L/usr/lib -lgd -ljpeg -lfreetype -lz -lpng -lz -lXpm -lX11  -ljpeg  -lm -lstdc++  >&5
/usr/bin/ld: cannot find -l-L/usr/lib
collect2: ld returned 1 exit status
configure:9571: $? = 1
configure: failed program was:
| /* confdefs.h.  */
| 
| #define PACKAGE_NAME ""
| #define PACKAGE_TARNAME ""
| #define PACKAGE_VERSION ""
| #define PACKAGE_STRING ""
| #define PACKAGE_BUGREPORT ""
| #ifdef __cplusplus
| extern "C" void exit (int) throw ();
| #endif
| #define STDC_HEADERS 1
| #define HAVE_LIBFREETYPE 1
| #define HAVE_SYS_TYPES_H 1
| #define HAVE_SYS_STAT_H 1
| #define HAVE_STDLIB_H 1
| #define HAVE_STRING_H 1
| #define HAVE_MEMORY_H 1
| #define HAVE_STRINGS_H 1
| #define HAVE_INTTYPES_H 1
| #define HAVE_STDINT_H 1
| #define HAVE_UNISTD_H 1
| #define HAVE_FT2BUILD_H 1
| #define HAVE_LIBJPEG 1
| /* end confdefs.h.  */
| 
| /* Override any gcc2 internal prototype to avoid an error.  */
| #ifdef __cplusplus
| extern "C"
| #endif
| /* We use char because int might match the return type of a gcc2
|    builtin and then its argument prototype would still apply.  */
| char gdImageSetResolution ();
| int
| main ()
| {
| gdImageSetResolution ();
|   ;
|   return 0;
| }
configure:9597: result: no
configure:9609: checking whether gdImageGetTrueColorPixel is declared
configure:9634: gcc -c -g -O2 -fPIC  conftest.c >&5
configure:9640: $? = 0
configure:9644: test -z 
			 || test ! -s conftest.err
configure:9647: $? = 0
configure:9650: test -s conftest.o
configure:9653: $? = 0
configure:9664: result: yes
configure:9671: checking for gdImageGetTrueColorPixel in -lgd
configure:9701: gcc -o conftest -g -O2 -fPIC   conftest.c -lgd  -L/usr/lib -lgd -ljpeg -lfreetype -lz -lpng -lz -lXpm -lX11  -ljpeg  -lm -lstdc++  >&5
configure:9707: $? = 0
configure:9711: test -z 
			 || test ! -s conftest.err
configure:9714: $? = 0
configure:9717: test -s conftest
configure:9720: $? = 0
configure:9733: result: yes
configure:9743: result:         using GD ( -DUSE_GD_GIF -DUSE_GD_PNG -DUSE_GD_JPEG -DUSE_GD_WBMP -DUSE_GD_FT -DGD_HAS_FTEX_XSHOW -DGD_HAS_GDIMAGEGIFPTR -DGD_HAS_GETBITMAPFONTS -DGD_HAS_GET_TRUE_COLOR_PIXEL) from system libs.
configure:9772: checking if FTGL support requested
configure:9853: result: no
configure:9872: checking if OGL support requested
configure:9954: result: no
configure:9990: checking where EXPAT is installed...
configure:10195: checking for XML_ParserCreate in -lexpat
configure:10225: gcc -o conftest -g -O2 -fPIC   conftest.c -lexpat  -ljpeg  -lm -lstdc++  >&5
configure:10231: $? = 0
configure:10235: test -z 
			 || test ! -s conftest.err
configure:10238: $? = 0
configure:10241: test -s conftest
configure:10244: $? = 0
configure:10257: result: yes
configure:10273: checking expat.h usability
configure:10285: gcc -c -g -O2 -fPIC  conftest.c >&5
configure:10291: $? = 0
configure:10295: test -z 
			 || test ! -s conftest.err
configure:10298: $? = 0
configure:10301: test -s conftest.o
configure:10304: $? = 0
configure:10314: result: yes
configure:10318: checking expat.h presence
configure:10328: gcc -E  conftest.c
configure:10334: $? = 0
configure:10354: result: yes
configure:10389: checking for expat.h
configure:10396: result: yes
configure:10408: result:         using libexpat from system libs.
configure:10420: checking for AGG support
configure:10423: result:         yes
configure:10431: checking if SVG Symbol support requested
configure:10454: result:         enabled
configure:10475: checking whether we should include PROJ.4 support...
configure:10486: checking for pj_init in -lproj
configure:10516: gcc -o conftest -g -O2 -fPIC   conftest.c -lproj  -ljpeg  -lm -lstdc++  >&5
configure:10522: $? = 0
configure:10526: test -z 
			 || test ! -s conftest.err
configure:10529: $? = 0
configure:10532: test -s conftest
configure:10535: $? = 0
configure:10548: result: yes
configure:10554: checking for pj_transform in -lproj
configure:10584: gcc -o conftest -g -O2 -fPIC   conftest.c -lproj  -ljpeg  -lm -lstdc++  >&5
configure:10590: $? = 0
configure:10594: test -z 
			 || test ! -s conftest.err
configure:10597: $? = 0
configure:10600: test -s conftest
configure:10603: $? = 0
configure:10616: result: yes
configure:10631: result:         using PROJ.4 from system libs.
configure:10794: checking whether we should include thread safe support...
configure:10893: result:         thread safe support disabled.
configure:10906: checking whether we should include ESRI SDE support...
configure:11439: result:         ESRI SDE support not requested.
configure:11455: checking if GEOS support requested
configure:11585: result: no
configure:11591: checking whether we should include OGR support...
configure:11667: result:         OGR support not requested.
configure:11672: checking if GDAL support requested
configure:11759: result: no
configure:11788: checking if PostGIS support requested
configure:11799: result: no
configure:12107: checking if Mysql support requested
configure:12118: result: no
configure:12201: checking if OracleSpatial support requested
configure:12211: result: no
configure:12282: checking whether we should include WMS Server support...
configure:12304: result:         OGC WMS compatibility enabled (-DUSE_WMS_SVR).
configure:12316: checking whether we should include WFS Server support...
configure:12327: result:         OGC WFS Server support not requested.
configure:12357: checking whether we should include WCS Server support...
configure:12367: result:         OGC WCS Server support not requested.
configure:12389: checking whether we should include WMS Client Connections support...
configure:12405: result:         OGC WMS Client Connections not enabled (PROJ.4, libcurl and GDAL required).
configure:12415: checking whether we should include WFS Client Connections support...
configure:12431: result:         OGC WFS Client Connections not enabled (PROJ.4, libcurl and OGR required).
configure:12441: checking whether we should include OGC SOS Server support...
configure:12452: result:         OGC SOS Server support not requested.
configure:12475: checking for curl-config
configure:12605: checking if KML output is requested
configure:12614: result: no
configure:12619: checking for libxml2
configure:12659: result: libxml2 not required.
configure:12769: checking if xml-mapfile is requested
configure:12778: result: no
configure:12794: checking if xslt is requested
configure:12799: result: no
configure:12868: checking if exslt is requested
configure:12873: result: no
configure:12933: checking if FriBidi support requested
configure:12944: result: no
configure:13049: checking if Cairo support requested
configure:13060: result: no
configure:13113: checking FastCGI support
configure:13124: result: not requested.
configure:13229: checking HTTPD server (Apache) version...
configure:13265: checking for httpd
configure:13300: result: no
configure:13307: result:         'httpd' not found, skipping Apache version detection. You may want to use --with-httpd=/path/to/httpd
configure:13409: result: Compiling with fast MS_NINT
configure:13417: checking compiler warnings
configure:13445: result: basic
configure:13471: checking whether we should enable debug features...
configure:13493: checking whether we should enable mapserv CGI command-line debug arguments...
configure:13522: checking for PHP/MapScript module options...
configure:13903: result:         PHP/MapScript module not configured.
configure:14176: checking if --enable-runpath requested
configure:14186: result: no
configure:14194: checking if --with-java-include-os-name specified
configure:14215: result: no, autodetected linux
configure:14361: creating ./config.status

## ---------------------- ##
## Running config.status. ##
## ---------------------- ##

This file was extended by config.status, which was
generated by GNU Autoconf 2.59.  Invocation command line was

  CONFIG_FILES    = 
  CONFIG_HEADERS  = 
  CONFIG_LINKS    = 
  CONFIG_COMMANDS = 
  $ ./config.status 

on tilecache

config.status:767: creating Makefile
config.status:767: creating mapscript/java/Makefile
config.status:767: creating mapscript/csharp/Makefile
configure:15280: result: 
configure:15282: result: MapServer is now configured for 
configure:15284: result: 
configure:15286: result:  -------------- Compiler Info ------------- 
configure:15288: result:   C compiler:                gcc -O2 -fPIC -Wall  -DNDEBUG 
configure:15290: result:   C++ compiler:              g++ -O2 -fPIC -Wall  -DNDEBUG 
configure:15292: result:   Debug:                     
configure:15294: result:   Generic NINT:              
configure:15296: result: 
configure:15298: result:  -------------- Renderer Settings --------- 
configure:15300: result:   OpenGL support:            
configure:15302: result:   zlib support:              -DUSE_ZLIB
configure:15304: result:   png support:               -DUSE_PNG
configure:15306: result:   gif support:               -DUSE_GIF
configure:15308: result:   jpeg support:              -DUSE_JPEG
configure:15310: result:   freetype support:          -DUSE_FREETYPE
configure:15312: result:   iconv support:             -DUSE_ICONV
configure:15314: result:   AGG support:               internal
configure:15316: result:   SVG Symbol support:        -DUSE_AGG_SVG_SYMBOLS
configure:15318: result:   Cairo (SVG,PDF) support:   
configure:15320: result:   KML support:               
configure:15322: result: 
configure:15325: result:  -------------- Support Libraries --------- 
configure:15327: result:   Proj.4 support:            -DUSE_PROJ
configure:15329: result:   Libxml2 support:           
configure:15331: result:   FriBidi support:           
configure:15333: result:   Curl support:              
configure:15335: result:   FastCGI support:           
configure:15337: result:   Threading support:         
configure:15339: result:   GEOS support:              
configure:15341: result:   XML Mapfile support:        
configure:15343: result:   XSLT support:              
configure:15345: result:   EXSLT support:              
configure:15347: result: 
configure:15350: result:  -------------- Data Format Drivers ------- 
configure:15352: result:   PostGIS support:           
configure:15354: result:   ArcSDE support:            
configure:15356: result:   OGR support:               
configure:15358: result:   GDAL support:              
configure:15360: result:   Oracle Spatial support:    
configure:15362: result: 
configure:15365: result:  -------------- OGC Services -------------- 
configure:15367: result:   WMS Server:                -DUSE_WMS_SVR
configure:15369: result:   WMS Client:                
configure:15371: result:   WFS Server:                
configure:15373: result:   WFS Client:                
configure:15375: result:   WCS Server:                
configure:15377: result:   SOS Server:                
configure:15379: result: 
configure:15382: result:  -------------- MapScript ----------------- 
configure:15388: result:   PHP MapScript:             no
configure:15392: result: 

## ---------------- ##
## Cache variables. ##
## ---------------- ##

ac_cv_c_compiler_gnu=yes
ac_cv_cxx_compiler_gnu=yes
ac_cv_env_CC_set=
ac_cv_env_CC_value=
ac_cv_env_CFLAGS_set=
ac_cv_env_CFLAGS_value=
ac_cv_env_CPPFLAGS_set=
ac_cv_env_CPPFLAGS_value=
ac_cv_env_CPP_set=
ac_cv_env_CPP_value=
ac_cv_env_CXXFLAGS_set=
ac_cv_env_CXXFLAGS_value=
ac_cv_env_CXX_set=
ac_cv_env_CXX_value=
ac_cv_env_LDFLAGS_set=
ac_cv_env_LDFLAGS_value=
ac_cv_env_build_alias_set=
ac_cv_env_build_alias_value=
ac_cv_env_host_alias_set=
ac_cv_env_host_alias_value=
ac_cv_env_target_alias_set=
ac_cv_env_target_alias_value=
ac_cv_exeext=
ac_cv_func_strcasecmp=yes
ac_cv_func_strcasestr=yes
ac_cv_func_strdup=yes
ac_cv_func_strlcat=no
ac_cv_func_strlcpy=no
ac_cv_func_strncasecmp=yes
ac_cv_func_strrstr=no
ac_cv_func_vsnprintf=yes
ac_cv_have_decl_gdImageGetTrueColorPixel=yes
ac_cv_header_expat_h=yes
ac_cv_header_ft2build_h=yes
ac_cv_header_gif_lib_h=yes
ac_cv_header_inttypes_h=yes
ac_cv_header_jpeglib_h=yes
ac_cv_header_memory_h=yes
ac_cv_header_png_h=yes
ac_cv_header_setjmp_h=yes
ac_cv_header_stdc=yes
ac_cv_header_stdint_h=yes
ac_cv_header_stdlib_h=yes
ac_cv_header_string_h=yes
ac_cv_header_strings_h=yes
ac_cv_header_sys_stat_h=yes
ac_cv_header_sys_types_h=yes
ac_cv_header_unistd_h=yes
ac_cv_lib_Xpm_XpmFreeXpmImage=yes
ac_cv_lib____gdImageSetResolution=no
ac_cv_lib_c_iconv_open=yes
ac_cv_lib_expat_XML_ParserCreate=yes
ac_cv_lib_fl_yywrap=no
ac_cv_lib_freetype_FT_Init_FreeType=yes
ac_cv_lib_gd_gdFontGetTiny=yes
ac_cv_lib_gd_gdImageCreate=yes
ac_cv_lib_gd_gdImageCreatePaletteFromTrueColor=yes
ac_cv_lib_gd_gdImageGetTrueColorPixel=yes
ac_cv_lib_gd_gdImageGif=yes
ac_cv_lib_gd_gdImageGifPtr=yes
ac_cv_lib_gd_gdImageJpeg=yes
ac_cv_lib_gd_gdImageOpenPolygon=yes
ac_cv_lib_gd_gdImagePng=yes
ac_cv_lib_gd_gdImageStringFT=yes
ac_cv_lib_gd_gdImageWBMP=yes
ac_cv_lib_gif_DGifOpenFileHandle=yes
ac_cv_lib_iconv_iconv_open=no
ac_cv_lib_iconv_libiconv_open=no
ac_cv_lib_jpeg_jpeg_read_header=yes
ac_cv_lib_l_yywrap=no
ac_cv_lib_m_exp=yes
ac_cv_lib_png_png_init_io=yes
ac_cv_lib_proj_pj_init=yes
ac_cv_lib_proj_pj_transform=yes
ac_cv_lib_stdcpp___gxx_personality_v0=yes
ac_cv_lib_z_zlibVersion=yes
ac_cv_objext=o
ac_cv_path_FT_BIN=/usr/bin/freetype-config
ac_cv_path_HTTPD=
ac_cv_path_PKG_CONFIG=/usr/bin/pkg-config
ac_cv_prog_CPP='gcc -E'
ac_cv_prog_ac_ct_CC=gcc
ac_cv_prog_ac_ct_CXX=g++
ac_cv_prog_ac_ct_RANLIB=ranlib
ac_cv_prog_cc_g=yes
ac_cv_prog_cc_stdc=
ac_cv_prog_cxx_g=yes
ac_cv_prog_egrep='grep -E'
php_cv_cc_dashr=no
php_cv_cc_rpath=yes

## ----------------- ##
## Output variables. ##
## ----------------- ##

AGG_INC='-Irenderers/agg/include '
AGG_LIB=' -lexpat'
AGG_OBJ='renderers/agg/src/clipper.o renderers/agg/src/agg_arc.o renderers/agg/src/agg_curves.o renderers/agg/src/agg_vcgen_contour.o renderers/agg/src/agg_vcgen_dash.o renderers/agg/src/agg_vcgen_stroke.o renderers/agg/src/agg_image_filters.o renderers/agg/src/agg_line_aa_basics.o renderers/agg/src/agg_line_profile_aa.o renderers/agg/src/agg_sqrt_tables.o renderers/agg/src/agg_embedded_raster_fonts.o renderers/agg/src/agg_trans_affine.o renderers/agg/src/agg_vpgen_clip_polygon.o renderers/agg/src/agg_vpgen_clip_polyline.o renderers/agg/src/agg_font_freetype.o renderers/agg/src/agg_svg_parser.o renderers/agg/src/agg_svg_path_renderer.o renderers/agg/src/agg_svg_path_tokenizer.o'
ALL_ENABLED='                 -DUSE_WMS_SVR        -DUSE_PROJ -DUSE_AGG_SVG_SYMBOLS    -DUSE_GD_GIF -DUSE_GD_PNG -DUSE_GD_JPEG -DUSE_GD_WBMP -DUSE_GD_FT -DGD_HAS_FTEX_XSHOW -DGD_HAS_GDIMAGEGIFPTR -DGD_HAS_GETBITMAPFONTS -DGD_HAS_GET_TRUE_COLOR_PIXEL -DUSE_ICONV -DUSE_GIF -DUSE_PNG -DUSE_ZLIB -DUSE_FREETYPE '
ALL_INC='             -Irenderers/agg/include  -Irenderers/agg/include   -I/usr/include   -I/usr/include/freetype2 '
ALL_LIB='             -lproj  -lexpat   -lgd -L/usr/lib -lgd -ljpeg -lfreetype -lz -lpng -lz -lXpm -lX11  -lc -lz -lfreetype -lz '
ALL_STATIC_LIB=' '
APACHE_INC=''
CAIRO_ENABLED=''
CAIRO_INC=''
CAIRO_LIB=''
CC='gcc'
CFLAGS='-O2 -fPIC -Wall  -DNDEBUG '
CPP='gcc -E'
CPPFLAGS=''
CURL_INC=''
CURL_LIB=''
CXX='g++'
CXXFLAGS='-O2 -fPIC -Wall  -DNDEBUG '
C_PIC='-fPIC'
DEBUG_FLAGS=''
DEFS='-DPACKAGE_NAME=\"\" -DPACKAGE_TARNAME=\"\" -DPACKAGE_VERSION=\"\" -DPACKAGE_STRING=\"\" -DPACKAGE_BUGREPORT=\"\" -DSTDC_HEADERS=1 -DHAVE_LIBFREETYPE=1 -DHAVE_SYS_TYPES_H=1 -DHAVE_SYS_STAT_H=1 -DHAVE_STDLIB_H=1 -DHAVE_STRING_H=1 -DHAVE_MEMORY_H=1 -DHAVE_STRINGS_H=1 -DHAVE_INTTYPES_H=1 -DHAVE_STDINT_H=1 -DHAVE_UNISTD_H=1 -DHAVE_FT2BUILD_H=1 -DHAVE_LIBJPEG=1 '
ECHO_C=''
ECHO_N='-n'
ECHO_T=''
EGREP='grep -E'
EXEEXT=''
EXSLT_ENABLED=''
EXSLT_INC=''
EXSLT_LIB=''
FASTCGI_ENABLED=''
FASTCGI_INC=''
FASTCGI_LIB=''
FRIBIDI_CONFIG='no'
FRIBIDI_ENABLED=''
FRIBIDI_INC=''
FRIBIDI_LIB=''
FTGL_ENABLED=''
FTGL_INC=''
FTGL_LIB=''
FT_BIN='/usr/bin/freetype-config'
FT_ENABLED='-DUSE_FREETYPE'
FT_INC='-I/usr/include/freetype2'
FT_LIB='-lfreetype -lz'
GDAL_CONFIG=''
GDAL_ENABLED=''
GDAL_INC=''
GDAL_LIB=''
GD_DEF=' -DUSE_GD_GIF -DUSE_GD_PNG -DUSE_GD_JPEG -DUSE_GD_WBMP -DUSE_GD_FT -DGD_HAS_FTEX_XSHOW -DGD_HAS_GDIMAGEGIFPTR -DGD_HAS_GETBITMAPFONTS -DGD_HAS_GET_TRUE_COLOR_PIXEL'
GD_INC='-I/usr/include'
GD_LIB='-lgd -L/usr/lib -lgd -ljpeg -lfreetype -lz -lpng -lz -lXpm -lX11 '
GD_STATIC=''
GEOS_CONFIG=''
GEOS_ENABLED=''
GEOS_INC=''
GEOS_LIB=''
GIF_ENABLED='-DUSE_GIF'
GIF_INC=''
GIF_LIB='-lgif'
HTTPD=''
ICONV_ENABLED='-DUSE_ICONV'
ICONV_INC=''
ICONV_LIB='-lc'
IGNORE_MISSING_DATA=''
JPEG_ENABLED='-DUSE_JPEG'
JPEG_INC=''
JPEG_LIB='-ljpeg'
LDFLAGS=''
LD_SHARED='g++ -shared '
LEX=':'
LEXLIB=''
LEX_OUTPUT_ROOT=''
LIBCURL_CONFIG=''
LIBOBJS=''
LIBS='-ljpeg  -lm -lstdc++ '
LIBXML2_CONFIG=''
LTLIBOBJS=''
MAKE_GD=''
MAKE_GD_CLEAN=''
MAKE_PHPMS=''
MAKE_PHPMS_CLEAN=''
MS_INC='-I/mnt/osm/osm/mapserver-6.0.1'
MS_LIB='-L/mnt/osm/osm/mapserver-6.0.1 -lmapserver'
MS_VERSION='6.0.1'
MYSQL_ENABLED=''
MYSQL_INC=''
MYSQL_LIB=''
MY_CONFIG='no'
OBJEXT='o'
OGL_ENABLED=''
OGL_INC=''
OGL_LIB=''
OGR_ENABLED=''
ORACLESPATIAL_ENABLED=''
ORACLESPATIAL_INC=''
ORACLESPATIAL_LIB=''
OS_INCLUDE_DIR='linux'
PACKAGE_BUGREPORT=''
PACKAGE_NAME=''
PACKAGE_STRING=''
PACKAGE_TARNAME=''
PACKAGE_VERSION=''
PATH_SEPARATOR=':'
PG_CONFIG='no'
PHP_CC=''
PHP_LD=''
PHP_LD_SHARED=''
PHP_REGEX_INC=''
PHP_REGEX_OBJ=''
PHP_SRC_DIR=''
PHP_VERSION_FLAG=''
PKG_CONFIG='/usr/bin/pkg-config'
PNG_ENABLED='-DUSE_PNG'
PNG_INC=''
PNG_LIB='-lpng'
POSTGIS_ENABLED=''
POSTGIS_INC=''
POSTGIS_LIB=''
PROJ_ENABLED='-DUSE_PROJ'
PROJ_INC=''
PROJ_LIBS='-lproj'
RANLIB='ranlib'
RPATHS=''
SDE_ENABLED=''
SDE_INC=''
SDE_LIB=''
SHELL='/bin/bash'
SOS_SVR_ENABLED=''
SO_COMMAND_NAME='-soname'
SO_EXT='so'
STRINGS='-DHAVE_VSNPRINTF -DNEED_STRLCPY -DNEED_STRLCAT -DNEED_STRRSTR '
THREAD_FLAG=''
THREAD_LIB=''
USE_NINT=''
USE_PHP_REGEX=''
USE_POINT_Z_M=''
WCS_SVR_ENABLED=''
WFS_LYR_ENABLED=''
WFS_SVR_ENABLED=''
WMS_LYR_ENABLED=''
WMS_SVR_ENABLED='-DUSE_WMS_SVR'
XML2_INC=''
XML2_LIB=''
XSLT_ENABLED=''
XSLT_INC=''
XSLT_LIB=''
XTRALIBS=' -lm -lstdc++'
YACC='yacc'
ZLIB_ENABLED='-DUSE_ZLIB'
ZLIB_INC=''
ZLIB_LIB='-lz'
ac_ct_CC='gcc'
ac_ct_CXX='g++'
ac_ct_RANLIB='ranlib'
bindir='${exec_prefix}/bin'
build_alias=''
datadir='${prefix}/share'
exec_prefix='${prefix}'
host_alias=''
includedir='${prefix}/include'
infodir='${prefix}/info'
libdir='${exec_prefix}/lib'
libexecdir='${exec_prefix}/libexec'
localstatedir='${prefix}/var'
mandir='${prefix}/man'
oldincludedir='/usr/include'
prefix='/usr/local'
program_transform_name='s,x,x,'
sbindir='${exec_prefix}/sbin'
sharedstatedir='${prefix}/com'
sysconfdir='${prefix}/etc'
target_alias=''

## ----------- ##
## confdefs.h. ##
## ----------- ##

#define HAVE_FT2BUILD_H 1
#define HAVE_INTTYPES_H 1
#define HAVE_LIBFREETYPE 1
#define HAVE_LIBJPEG 1
#define HAVE_MEMORY_H 1
#define HAVE_STDINT_H 1
#define HAVE_STDLIB_H 1
#define HAVE_STRINGS_H 1
#define HAVE_STRING_H 1
#define HAVE_SYS_STAT_H 1
#define HAVE_SYS_TYPES_H 1
#define HAVE_UNISTD_H 1
#define PACKAGE_BUGREPORT ""
#define PACKAGE_NAME ""
#define PACKAGE_STRING ""
#define PACKAGE_TARNAME ""
#define PACKAGE_VERSION ""
#define STDC_HEADERS 1
#endif
#ifdef __cplusplus
extern "C" void exit (int) throw ();

configure: exit 0
